{"timestamp":"2025-07-11 21:32:17","level":"info","message":"Activities request","service":"kidshiz","environment":"development","filters":{},"pagination":{"page":1,"limit":12},"type":"api-request"}
{"timestamp":"2025-07-11 21:32:17","level":"info","message":"Activities request completed","service":"kidshiz","environment":"development","resultCount":4,"total":4,"page":1,"type":"api-response"}
{"timestamp":"2025-07-11 21:32:17","level":"info","message":"API response","service":"kidshiz","environment":"development","method":"GET","endpoint":"activities","statusCode":200,"duration":88,"type":"api-response"}
{"timestamp":"2025-07-11 21:32:17","level":"info","message":"Performance metric","service":"kidshiz","environment":"development","metric":"api.response_time","value":88,"unit":"millisecond","tags":{"method":"GET","endpoint":"activities","status_code":"200"},"type":"metric"}
{"timestamp":"2025-07-11 21:32:18","level":"info","message":"Activities request","service":"kidshiz","environment":"development","filters":{},"pagination":{"page":1,"limit":12},"type":"api-request"}
{"timestamp":"2025-07-11 21:32:18","level":"info","message":"Activities request completed","service":"kidshiz","environment":"development","resultCount":4,"total":4,"page":1,"type":"api-response"}
{"timestamp":"2025-07-11 21:32:18","level":"info","message":"API response","service":"kidshiz","environment":"development","method":"GET","endpoint":"activities","statusCode":200,"duration":38,"type":"api-response"}
{"timestamp":"2025-07-11 21:32:18","level":"info","message":"Performance metric","service":"kidshiz","environment":"development","metric":"api.response_time","value":38,"unit":"millisecond","tags":{"method":"GET","endpoint":"activities","status_code":"200"},"type":"metric"}
{"timestamp":"2025-07-11 21:33:08","level":"info","message":"Activities request","service":"kidshiz","environment":"development","filters":{},"pagination":{"page":1,"limit":12},"type":"api-request"}
{"timestamp":"2025-07-11 21:33:08","level":"info","message":"Activities request completed","service":"kidshiz","environment":"development","resultCount":4,"total":4,"page":1,"type":"api-response"}
{"timestamp":"2025-07-11 21:33:08","level":"info","message":"API response","service":"kidshiz","environment":"development","method":"GET","endpoint":"activities","statusCode":200,"duration":41,"type":"api-response"}
{"timestamp":"2025-07-11 21:33:08","level":"info","message":"Performance metric","service":"kidshiz","environment":"development","metric":"api.response_time","value":41,"unit":"millisecond","tags":{"method":"GET","endpoint":"activities","status_code":"200"},"type":"metric"}
{"timestamp":"2025-07-11 21:33:15","level":"info","message":"Activities request","service":"kidshiz","environment":"development","filters":{},"pagination":{"page":1,"limit":12},"type":"api-request"}
{"timestamp":"2025-07-11 21:33:15","level":"info","message":"Activities request completed","service":"kidshiz","environment":"development","resultCount":4,"total":4,"page":1,"type":"api-response"}
{"timestamp":"2025-07-11 21:33:15","level":"info","message":"API response","service":"kidshiz","environment":"development","method":"GET","endpoint":"activities","statusCode":200,"duration":22,"type":"api-response"}
{"timestamp":"2025-07-11 21:33:15","level":"info","message":"Performance metric","service":"kidshiz","environment":"development","metric":"api.response_time","value":22,"unit":"millisecond","tags":{"method":"GET","endpoint":"activities","status_code":"200"},"type":"metric"}
{"timestamp":"2025-07-11 21:34:30","level":"info","message":"Activities request","service":"kidshiz","environment":"development","filters":{},"pagination":{"page":1,"limit":6},"type":"api-request"}
{"timestamp":"2025-07-11 21:34:30","level":"info","message":"Activities request completed","service":"kidshiz","environment":"development","resultCount":4,"total":4,"page":1,"type":"api-response"}
{"timestamp":"2025-07-11 21:34:30","level":"info","message":"API response","service":"kidshiz","environment":"development","method":"GET","endpoint":"activities","statusCode":200,"duration":84,"type":"api-response"}
{"timestamp":"2025-07-11 21:34:30","level":"info","message":"Performance metric","service":"kidshiz","environment":"development","metric":"api.response_time","value":84,"unit":"millisecond","tags":{"method":"GET","endpoint":"activities","status_code":"200"},"type":"metric"}
{"timestamp":"2025-07-11 21:34:33","level":"info","message":"Activities request","service":"kidshiz","environment":"development","filters":{},"pagination":{"page":1,"limit":6},"type":"api-request"}
{"timestamp":"2025-07-11 21:34:33","level":"info","message":"Activities request completed","service":"kidshiz","environment":"development","resultCount":4,"total":4,"page":1,"type":"api-response"}
{"timestamp":"2025-07-11 21:34:33","level":"info","message":"API response","service":"kidshiz","environment":"development","method":"GET","endpoint":"activities","statusCode":200,"duration":40,"type":"api-response"}
{"timestamp":"2025-07-11 21:34:33","level":"info","message":"Performance metric","service":"kidshiz","environment":"development","metric":"api.response_time","value":40,"unit":"millisecond","tags":{"method":"GET","endpoint":"activities","status_code":"200"},"type":"metric"}
{"timestamp":"2025-07-11 21:34:43","level":"info","message":"Activities request","service":"kidshiz","environment":"development","filters":{},"pagination":{"page":1,"limit":6},"type":"api-request"}
{"timestamp":"2025-07-11 21:34:43","level":"info","message":"Activities request completed","service":"kidshiz","environment":"development","resultCount":4,"total":4,"page":1,"type":"api-response"}
{"timestamp":"2025-07-11 21:34:43","level":"info","message":"API response","service":"kidshiz","environment":"development","method":"GET","endpoint":"activities","statusCode":200,"duration":10,"type":"api-response"}
{"timestamp":"2025-07-11 21:34:43","level":"info","message":"Performance metric","service":"kidshiz","environment":"development","metric":"api.response_time","value":10,"unit":"millisecond","tags":{"method":"GET","endpoint":"activities","status_code":"200"},"type":"metric"}
{"timestamp":"2025-07-11 21:34:50","level":"info","message":"Activities request","service":"kidshiz","environment":"development","filters":{},"pagination":{"page":1,"limit":6},"type":"api-request"}
{"timestamp":"2025-07-11 21:34:50","level":"info","message":"Activities request completed","service":"kidshiz","environment":"development","resultCount":4,"total":4,"page":1,"type":"api-response"}
{"timestamp":"2025-07-11 21:34:50","level":"info","message":"API response","service":"kidshiz","environment":"development","method":"GET","endpoint":"activities","statusCode":200,"duration":22,"type":"api-response"}
{"timestamp":"2025-07-11 21:34:50","level":"info","message":"Performance metric","service":"kidshiz","environment":"development","metric":"api.response_time","value":22,"unit":"millisecond","tags":{"method":"GET","endpoint":"activities","status_code":"200"},"type":"metric"}
{"timestamp":"2025-07-11 21:34:55","level":"info","message":"Activities request","service":"kidshiz","environment":"development","filters":{},"pagination":{"page":1,"limit":6},"type":"api-request"}
{"timestamp":"2025-07-11 21:34:55","level":"info","message":"Activities request completed","service":"kidshiz","environment":"development","resultCount":4,"total":4,"page":1,"type":"api-response"}
{"timestamp":"2025-07-11 21:34:55","level":"info","message":"API response","service":"kidshiz","environment":"development","method":"GET","endpoint":"activities","statusCode":200,"duration":8,"type":"api-response"}
{"timestamp":"2025-07-11 21:34:55","level":"info","message":"Performance metric","service":"kidshiz","environment":"development","metric":"api.response_time","value":8,"unit":"millisecond","tags":{"method":"GET","endpoint":"activities","status_code":"200"},"type":"metric"}
{"timestamp":"2025-07-11 21:34:59","level":"info","message":"Activities request","service":"kidshiz","environment":"development","filters":{},"pagination":{"page":1,"limit":6},"type":"api-request"}
{"timestamp":"2025-07-11 21:34:59","level":"info","message":"Activities request completed","service":"kidshiz","environment":"development","resultCount":4,"total":4,"page":1,"type":"api-response"}
{"timestamp":"2025-07-11 21:34:59","level":"info","message":"API response","service":"kidshiz","environment":"development","method":"GET","endpoint":"activities","statusCode":200,"duration":8,"type":"api-response"}
{"timestamp":"2025-07-11 21:34:59","level":"info","message":"Performance metric","service":"kidshiz","environment":"development","metric":"api.response_time","value":8,"unit":"millisecond","tags":{"method":"GET","endpoint":"activities","status_code":"200"},"type":"metric"}
{"timestamp":"2025-07-11 21:39:15","level":"info","message":"Activities request","service":"kidshiz","environment":"development","filters":{},"pagination":{"page":1,"limit":10},"type":"api-request"}
{"timestamp":"2025-07-11 21:39:15","level":"info","message":"Activities request completed","service":"kidshiz","environment":"development","resultCount":4,"total":4,"page":1,"type":"api-response"}
{"timestamp":"2025-07-11 21:39:15","level":"info","message":"API response","service":"kidshiz","environment":"development","method":"GET","endpoint":"activities","statusCode":200,"duration":107,"type":"api-response"}
{"timestamp":"2025-07-11 21:39:15","level":"info","message":"Performance metric","service":"kidshiz","environment":"development","metric":"api.response_time","value":107,"unit":"millisecond","tags":{"method":"GET","endpoint":"activities","status_code":"200"},"type":"metric"}
{"timestamp":"2025-07-11 21:39:23","level":"info","message":"Activities request","service":"kidshiz","environment":"development","filters":{},"pagination":{"page":1,"limit":10},"type":"api-request"}
{"timestamp":"2025-07-11 21:39:23","level":"info","message":"Activities request completed","service":"kidshiz","environment":"development","resultCount":4,"total":4,"page":1,"type":"api-response"}
{"timestamp":"2025-07-11 21:39:23","level":"info","message":"API response","service":"kidshiz","environment":"development","method":"GET","endpoint":"activities","statusCode":200,"duration":31,"type":"api-response"}
{"timestamp":"2025-07-11 21:39:23","level":"info","message":"Performance metric","service":"kidshiz","environment":"development","metric":"api.response_time","value":31,"unit":"millisecond","tags":{"method":"GET","endpoint":"activities","status_code":"200"},"type":"metric"}
{"timestamp":"2025-07-11 21:39:29","level":"info","message":"Activities request","service":"kidshiz","environment":"development","filters":{},"pagination":{"page":1,"limit":12},"type":"api-request"}
{"timestamp":"2025-07-11 21:39:29","level":"info","message":"Activities request completed","service":"kidshiz","environment":"development","resultCount":4,"total":4,"page":1,"type":"api-response"}
{"timestamp":"2025-07-11 21:39:29","level":"info","message":"API response","service":"kidshiz","environment":"development","method":"GET","endpoint":"activities","statusCode":200,"duration":75,"userId":"cmcz9y1xl0000m7epi2h4w0rx","type":"api-response"}
{"timestamp":"2025-07-11 21:39:29","level":"info","message":"Performance metric","service":"kidshiz","environment":"development","metric":"api.response_time","value":75,"unit":"millisecond","tags":{"method":"GET","endpoint":"activities","status_code":"200"},"type":"metric"}
{"timestamp":"2025-07-11 21:39:29","level":"info","message":"Activities request","service":"kidshiz","environment":"development","filters":{},"pagination":{"page":1,"limit":12},"type":"api-request"}
{"timestamp":"2025-07-11 21:39:29","level":"info","message":"Activities request completed","service":"kidshiz","environment":"development","resultCount":4,"total":4,"page":1,"type":"api-response"}
{"timestamp":"2025-07-11 21:39:29","level":"info","message":"API response","service":"kidshiz","environment":"development","method":"GET","endpoint":"activities","statusCode":200,"duration":35,"userId":"cmcz9y1xl0000m7epi2h4w0rx","type":"api-response"}
{"timestamp":"2025-07-11 21:39:29","level":"info","message":"Performance metric","service":"kidshiz","environment":"development","metric":"api.response_time","value":35,"unit":"millisecond","tags":{"method":"GET","endpoint":"activities","status_code":"200"},"type":"metric"}
{"timestamp":"2025-07-11 21:39:31","level":"info","message":"Activities request","service":"kidshiz","environment":"development","filters":{},"pagination":{"page":1,"limit":12},"type":"api-request"}
{"timestamp":"2025-07-11 21:39:31","level":"info","message":"Activities request completed","service":"kidshiz","environment":"development","resultCount":4,"total":4,"page":1,"type":"api-response"}
{"timestamp":"2025-07-11 21:39:31","level":"info","message":"API response","service":"kidshiz","environment":"development","method":"GET","endpoint":"activities","statusCode":200,"duration":27,"userId":"cmcz9y1xl0000m7epi2h4w0rx","type":"api-response"}
{"timestamp":"2025-07-11 21:39:31","level":"info","message":"Performance metric","service":"kidshiz","environment":"development","metric":"api.response_time","value":27,"unit":"millisecond","tags":{"method":"GET","endpoint":"activities","status_code":"200"},"type":"metric"}
{"timestamp":"2025-07-11 21:39:38","level":"info","message":"Activities request","service":"kidshiz","environment":"development","filters":{},"pagination":{"page":1,"limit":6},"type":"api-request"}
{"timestamp":"2025-07-11 21:39:38","level":"info","message":"Activities request completed","service":"kidshiz","environment":"development","resultCount":4,"total":4,"page":1,"type":"api-response"}
{"timestamp":"2025-07-11 21:39:38","level":"info","message":"API response","service":"kidshiz","environment":"development","method":"GET","endpoint":"activities","statusCode":200,"duration":62,"type":"api-response"}
{"timestamp":"2025-07-11 21:39:38","level":"info","message":"Performance metric","service":"kidshiz","environment":"development","metric":"api.response_time","value":62,"unit":"millisecond","tags":{"method":"GET","endpoint":"activities","status_code":"200"},"type":"metric"}
{"timestamp":"2025-07-11 21:51:29","level":"info","message":"Activities request","service":"kidshiz","environment":"development","filters":{},"pagination":{"page":1,"limit":10},"type":"api-request"}
{"timestamp":"2025-07-11 21:51:29","level":"info","message":"Activities request completed","service":"kidshiz","environment":"development","resultCount":4,"total":4,"page":1,"type":"api-response"}
{"timestamp":"2025-07-11 21:51:29","level":"info","message":"API response","service":"kidshiz","environment":"development","method":"GET","endpoint":"activities","statusCode":200,"duration":77,"type":"api-response"}
{"timestamp":"2025-07-11 21:51:29","level":"info","message":"Performance metric","service":"kidshiz","environment":"development","metric":"api.response_time","value":77,"unit":"millisecond","tags":{"method":"GET","endpoint":"activities","status_code":"200"},"type":"metric"}
{"timestamp":"2025-07-11 21:51:35","level":"info","message":"Activities request","service":"kidshiz","environment":"development","filters":{},"pagination":{"page":1,"limit":10},"type":"api-request"}
{"timestamp":"2025-07-11 21:51:35","level":"info","message":"Activities request completed","service":"kidshiz","environment":"development","resultCount":4,"total":4,"page":1,"type":"api-response"}
{"timestamp":"2025-07-11 21:51:35","level":"info","message":"API response","service":"kidshiz","environment":"development","method":"GET","endpoint":"activities","statusCode":200,"duration":33,"type":"api-response"}
{"timestamp":"2025-07-11 21:51:35","level":"info","message":"Performance metric","service":"kidshiz","environment":"development","metric":"api.response_time","value":33,"unit":"millisecond","tags":{"method":"GET","endpoint":"activities","status_code":"200"},"type":"metric"}
{"timestamp":"2025-07-11 21:51:41","level":"info","message":"Activities request","service":"kidshiz","environment":"development","filters":{},"pagination":{"page":1,"limit":10},"type":"api-request"}
{"timestamp":"2025-07-11 21:51:41","level":"info","message":"Activities request completed","service":"kidshiz","environment":"development","resultCount":4,"total":4,"page":1,"type":"api-response"}
{"timestamp":"2025-07-11 21:51:41","level":"info","message":"API response","service":"kidshiz","environment":"development","method":"GET","endpoint":"activities","statusCode":200,"duration":21,"type":"api-response"}
{"timestamp":"2025-07-11 21:51:41","level":"info","message":"Performance metric","service":"kidshiz","environment":"development","metric":"api.response_time","value":21,"unit":"millisecond","tags":{"method":"GET","endpoint":"activities","status_code":"200"},"type":"metric"}
{"timestamp":"2025-07-11 21:52:01","level":"info","message":"Activities request","service":"kidshiz","environment":"development","filters":{},"pagination":{"page":1,"limit":10},"type":"api-request"}
{"timestamp":"2025-07-11 21:52:01","level":"info","message":"Activities request completed","service":"kidshiz","environment":"development","resultCount":4,"total":4,"page":1,"type":"api-response"}
{"timestamp":"2025-07-11 21:52:01","level":"info","message":"API response","service":"kidshiz","environment":"development","method":"GET","endpoint":"activities","statusCode":200,"duration":28,"type":"api-response"}
{"timestamp":"2025-07-11 21:52:01","level":"info","message":"Performance metric","service":"kidshiz","environment":"development","metric":"api.response_time","value":28,"unit":"millisecond","tags":{"method":"GET","endpoint":"activities","status_code":"200"},"type":"metric"}
{"timestamp":"2025-07-11 21:52:26","level":"info","message":"Activities request","service":"kidshiz","environment":"development","filters":{},"pagination":{"page":1,"limit":10},"type":"api-request"}
{"timestamp":"2025-07-11 21:52:26","level":"info","message":"Activities request completed","service":"kidshiz","environment":"development","resultCount":4,"total":4,"page":1,"type":"api-response"}
{"timestamp":"2025-07-11 21:52:31","level":"info","message":"Activities request","service":"kidshiz","environment":"development","filters":{},"pagination":{"page":1,"limit":10},"type":"api-request"}
{"timestamp":"2025-07-11 21:52:31","level":"info","message":"Activities request completed","service":"kidshiz","environment":"development","resultCount":4,"total":4,"page":1,"type":"api-response"}
{"timestamp":"2025-07-11 21:52:59","level":"info","message":"Activities request","service":"kidshiz","environment":"development","filters":{},"pagination":{"page":1,"limit":10},"type":"api-request"}
{"timestamp":"2025-07-11 21:52:59","level":"info","message":"Activities request completed","service":"kidshiz","environment":"development","resultCount":4,"total":4,"page":1,"type":"api-response"}
{"timestamp":"2025-07-11 21:52:59","level":"info","message":"API response","service":"kidshiz","environment":"development","method":"GET","endpoint":"activities","statusCode":200,"duration":30,"type":"api-response"}
{"timestamp":"2025-07-11 21:52:59","level":"info","message":"Performance metric","service":"kidshiz","environment":"development","metric":"api.response_time","value":30,"unit":"millisecond","tags":{"method":"GET","endpoint":"activities","status_code":"200"},"type":"metric"}
{"timestamp":"2025-07-11 21:54:59","level":"info","message":"Activities request","service":"kidshiz","environment":"development","filters":{},"pagination":{"page":1,"limit":10},"type":"api-request"}
{"timestamp":"2025-07-11 21:54:59","level":"info","message":"Activities request completed","service":"kidshiz","environment":"development","resultCount":4,"total":4,"page":1,"type":"api-response"}
{"timestamp":"2025-07-11 22:23:00","level":"info","message":"Activities request","service":"kidshiz","environment":"development","filters":{},"pagination":{"page":1,"limit":6},"type":"api-request"}
{"timestamp":"2025-07-11 22:23:00","level":"info","message":"Activities request completed","service":"kidshiz","environment":"development","resultCount":4,"total":4,"page":1,"type":"api-response"}
{"timestamp":"2025-07-11 22:23:08","level":"info","message":"Activities request","service":"kidshiz","environment":"development","filters":{},"pagination":{"page":1,"limit":12},"type":"api-request"}
{"timestamp":"2025-07-11 22:23:08","level":"info","message":"Activities request completed","service":"kidshiz","environment":"development","resultCount":4,"total":4,"page":1,"type":"api-response"}
{"timestamp":"2025-07-11 22:23:08","level":"info","message":"Activities request","service":"kidshiz","environment":"development","filters":{},"pagination":{"page":1,"limit":12},"type":"api-request"}
{"timestamp":"2025-07-11 22:23:08","level":"info","message":"Activities request completed","service":"kidshiz","environment":"development","resultCount":4,"total":4,"page":1,"type":"api-response"}
{"timestamp":"2025-07-11 22:23:59","level":"info","message":"Activities request","service":"kidshiz","environment":"development","filters":{},"pagination":{"page":1,"limit":12},"type":"api-request"}
{"timestamp":"2025-07-11 22:23:59","level":"info","message":"Activities request","service":"kidshiz","environment":"development","filters":{},"pagination":{"page":1,"limit":12},"type":"api-request"}
{"timestamp":"2025-07-11 22:23:59","level":"info","message":"Activities request completed","service":"kidshiz","environment":"development","resultCount":4,"total":4,"page":1,"type":"api-response"}
{"timestamp":"2025-07-11 22:23:59","level":"info","message":"Activities request completed","service":"kidshiz","environment":"development","resultCount":4,"total":4,"page":1,"type":"api-response"}
{"timestamp":"2025-07-11 22:24:08","level":"info","message":"Activities request","service":"kidshiz","environment":"development","filters":{},"pagination":{"page":1,"limit":12},"type":"api-request"}
{"timestamp":"2025-07-11 22:24:08","level":"info","message":"Activities request","service":"kidshiz","environment":"development","filters":{},"pagination":{"page":1,"limit":12},"type":"api-request"}
{"timestamp":"2025-07-11 22:24:08","level":"info","message":"Activities request completed","service":"kidshiz","environment":"development","resultCount":4,"total":4,"page":1,"type":"api-response"}
{"timestamp":"2025-07-11 22:24:08","level":"info","message":"Activities request completed","service":"kidshiz","environment":"development","resultCount":4,"total":4,"page":1,"type":"api-response"}
{"timestamp":"2025-07-11 22:24:56","level":"info","message":"Activities request","service":"kidshiz","environment":"development","filters":{},"pagination":{"page":1,"limit":10},"type":"api-request"}
{"timestamp":"2025-07-11 22:24:56","level":"info","message":"Activities request completed","service":"kidshiz","environment":"development","resultCount":4,"total":4,"page":1,"type":"api-response"}
{"timestamp":"2025-07-11 22:25:07","level":"info","message":"Activities request","service":"kidshiz","environment":"development","filters":{},"pagination":{"page":1,"limit":10},"type":"api-request"}
{"timestamp":"2025-07-11 22:25:07","level":"info","message":"Activities request completed","service":"kidshiz","environment":"development","resultCount":4,"total":4,"page":1,"type":"api-response"}
{"timestamp":"2025-07-11 22:25:12","level":"info","message":"Activities request","service":"kidshiz","environment":"development","filters":{},"pagination":{"page":1,"limit":12},"type":"api-request"}
{"timestamp":"2025-07-11 22:25:12","level":"info","message":"Activities request completed","service":"kidshiz","environment":"development","resultCount":4,"total":4,"page":1,"type":"api-response"}
{"timestamp":"2025-07-11 22:25:13","level":"info","message":"Activities request","service":"kidshiz","environment":"development","filters":{},"pagination":{"page":1,"limit":6},"type":"api-request"}
{"timestamp":"2025-07-11 22:25:13","level":"info","message":"Activities request completed","service":"kidshiz","environment":"development","resultCount":4,"total":4,"page":1,"type":"api-response"}
{"timestamp":"2025-07-11 22:25:18","level":"info","message":"Activities request","service":"kidshiz","environment":"development","filters":{},"pagination":{"page":1,"limit":12},"type":"api-request"}
{"timestamp":"2025-07-11 22:25:18","level":"info","message":"Activities request","service":"kidshiz","environment":"development","filters":{},"pagination":{"page":1,"limit":12},"type":"api-request"}
{"timestamp":"2025-07-11 22:25:18","level":"info","message":"Activities request completed","service":"kidshiz","environment":"development","resultCount":4,"total":4,"page":1,"type":"api-response"}
{"timestamp":"2025-07-11 22:25:18","level":"info","message":"Activities request completed","service":"kidshiz","environment":"development","resultCount":4,"total":4,"page":1,"type":"api-response"}
{"timestamp":"2025-07-11 22:31:18","level":"info","message":"Activities request","service":"kidshiz","environment":"development","filters":{},"pagination":{"page":1,"limit":12},"type":"api-request"}
{"timestamp":"2025-07-11 22:31:18","level":"info","message":"Activities request completed","service":"kidshiz","environment":"development","resultCount":4,"total":4,"page":1,"type":"api-response"}
{"timestamp":"2025-07-11 22:32:12","level":"info","message":"Activities request","service":"kidshiz","environment":"development","filters":{},"pagination":{"page":1,"limit":6},"type":"api-request"}
{"timestamp":"2025-07-11 22:32:12","level":"info","message":"Activities request completed","service":"kidshiz","environment":"development","resultCount":4,"total":4,"page":1,"type":"api-response"}
{"timestamp":"2025-07-11 22:32:34","level":"info","message":"Activities request","service":"kidshiz","environment":"development","filters":{},"pagination":{"page":1,"limit":6},"type":"api-request"}
{"timestamp":"2025-07-11 22:32:34","level":"info","message":"Activities request completed","service":"kidshiz","environment":"development","resultCount":4,"total":4,"page":1,"type":"api-response"}
{"timestamp":"2025-07-13 19:28:38","level":"info","message":"Activities request","service":"kidshiz","environment":"development","filters":{},"pagination":{"page":1,"limit":12},"type":"api-request"}
{"timestamp":"2025-07-13 19:28:38","level":"info","message":"Activities request","service":"kidshiz","environment":"development","filters":{},"pagination":{"page":1,"limit":12},"type":"api-request"}
{"timestamp":"2025-07-13 19:35:36","level":"info","message":"Activities request","service":"kidshiz","environment":"development","filters":{},"pagination":{"page":1,"limit":10},"type":"api-request"}
{"timestamp":"2025-07-13 19:35:36","level":"info","message":"Activities request completed","service":"kidshiz","environment":"development","resultCount":4,"total":4,"page":1,"type":"api-response"}
{"timestamp":"2025-07-13 20:02:11","level":"info","message":"Activities request","service":"kidshiz","environment":"development","filters":{},"pagination":{"page":1,"limit":6},"type":"api-request"}
{"timestamp":"2025-07-13 20:02:11","level":"info","message":"Activities request completed","service":"kidshiz","environment":"development","resultCount":4,"total":4,"page":1,"type":"api-response"}
{"timestamp":"2025-07-13 20:02:18","level":"info","message":"Activities request","service":"kidshiz","environment":"development","filters":{},"pagination":{"page":1,"limit":10},"type":"api-request"}
{"timestamp":"2025-07-13 20:02:18","level":"info","message":"Activities request completed","service":"kidshiz","environment":"development","resultCount":4,"total":4,"page":1,"type":"api-response"}
{"timestamp":"2025-07-13 20:03:00","level":"info","message":"Activities request","service":"kidshiz","environment":"development","filters":{},"pagination":{"page":1,"limit":6},"type":"api-request"}
{"timestamp":"2025-07-13 20:03:00","level":"info","message":"Activities request completed","service":"kidshiz","environment":"development","resultCount":4,"total":4,"page":1,"type":"api-response"}
{"timestamp":"2025-07-13 20:09:51","level":"info","message":"Activities request","service":"kidshiz","environment":"development","filters":{},"pagination":{"page":1,"limit":6},"type":"api-request"}
{"timestamp":"2025-07-13 20:09:51","level":"info","message":"Activities request completed","service":"kidshiz","environment":"development","resultCount":4,"total":4,"page":1,"type":"api-response"}
{"timestamp":"2025-07-13 20:15:28","level":"info","message":"Activities request","service":"kidshiz","environment":"development","filters":{},"pagination":{"page":1,"limit":6},"type":"api-request"}
{"timestamp":"2025-07-13 20:15:28","level":"info","message":"Activities request completed","service":"kidshiz","environment":"development","resultCount":4,"total":4,"page":1,"type":"api-response"}
{"timestamp":"2025-07-13 20:17:37","level":"info","message":"Activities request","service":"kidshiz","environment":"development","filters":{},"pagination":{"page":1,"limit":6},"type":"api-request"}
{"timestamp":"2025-07-13 20:17:37","level":"info","message":"Activities request completed","service":"kidshiz","environment":"development","resultCount":4,"total":4,"page":1,"type":"api-response"}
{"timestamp":"2025-07-13 20:36:05","level":"info","message":"Activities request","service":"kidshiz","environment":"development","filters":{},"pagination":{"page":1,"limit":6},"type":"api-request"}
{"timestamp":"2025-07-13 20:36:05","level":"info","message":"Activities request completed","service":"kidshiz","environment":"development","resultCount":4,"total":4,"page":1,"type":"api-response"}
{"timestamp":"2025-07-13 21:13:42","level":"info","message":"Activities request","service":"kidshiz","environment":"development","filters":{},"pagination":{"page":1,"limit":6},"type":"api-request"}
{"timestamp":"2025-07-13 21:13:43","level":"info","message":"Activities request completed","service":"kidshiz","environment":"development","resultCount":4,"total":4,"page":1,"type":"api-response"}
{"timestamp":"2025-07-13 21:13:48","level":"info","message":"Activities request","service":"kidshiz","environment":"development","filters":{},"pagination":{"page":1,"limit":6},"type":"api-request"}
{"timestamp":"2025-07-13 21:13:48","level":"info","message":"Activities request completed","service":"kidshiz","environment":"development","resultCount":4,"total":4,"page":1,"type":"api-response"}
{"timestamp":"2025-07-13 21:13:52","level":"info","message":"Activities request","service":"kidshiz","environment":"development","filters":{},"pagination":{"page":1,"limit":12},"type":"api-request"}
{"timestamp":"2025-07-13 21:13:52","level":"info","message":"Activities request completed","service":"kidshiz","environment":"development","resultCount":4,"total":4,"page":1,"type":"api-response"}
{"timestamp":"2025-07-13 21:13:53","level":"info","message":"Activities request","service":"kidshiz","environment":"development","filters":{},"pagination":{"page":1,"limit":12},"type":"api-request"}
{"timestamp":"2025-07-13 21:13:53","level":"info","message":"Activities request completed","service":"kidshiz","environment":"development","resultCount":4,"total":4,"page":1,"type":"api-response"}
{"timestamp":"2025-07-13 21:14:15","level":"info","message":"Activities request","service":"kidshiz","environment":"development","filters":{},"pagination":{"page":1,"limit":12},"type":"api-request"}
{"timestamp":"2025-07-13 21:14:15","level":"info","message":"Activities request completed","service":"kidshiz","environment":"development","resultCount":4,"total":4,"page":1,"type":"api-response"}
{"timestamp":"2025-07-13 21:14:15","level":"info","message":"Activities request","service":"kidshiz","environment":"development","filters":{},"pagination":{"page":1,"limit":12},"type":"api-request"}
{"timestamp":"2025-07-13 21:14:15","level":"info","message":"Activities request completed","service":"kidshiz","environment":"development","resultCount":4,"total":4,"page":1,"type":"api-response"}
{"timestamp":"2025-07-13 21:14:22","level":"info","message":"Activities request","service":"kidshiz","environment":"development","filters":{},"pagination":{"page":1,"limit":12},"type":"api-request"}
{"timestamp":"2025-07-13 21:14:22","level":"info","message":"Activities request completed","service":"kidshiz","environment":"development","resultCount":4,"total":4,"page":1,"type":"api-response"}
{"timestamp":"2025-07-13 21:14:22","level":"info","message":"Activities request","service":"kidshiz","environment":"development","filters":{},"pagination":{"page":1,"limit":12},"type":"api-request"}
{"timestamp":"2025-07-13 21:14:22","level":"info","message":"Activities request completed","service":"kidshiz","environment":"development","resultCount":4,"total":4,"page":1,"type":"api-response"}
{"timestamp":"2025-07-13 21:14:26","level":"info","message":"Activities request","service":"kidshiz","environment":"development","filters":{},"pagination":{"page":1,"limit":12},"type":"api-request"}
{"timestamp":"2025-07-13 21:14:26","level":"info","message":"Activities request completed","service":"kidshiz","environment":"development","resultCount":4,"total":4,"page":1,"type":"api-response"}
{"timestamp":"2025-07-13 21:14:26","level":"info","message":"Activities request","service":"kidshiz","environment":"development","filters":{},"pagination":{"page":1,"limit":12},"type":"api-request"}
{"timestamp":"2025-07-13 21:14:26","level":"info","message":"Activities request completed","service":"kidshiz","environment":"development","resultCount":4,"total":4,"page":1,"type":"api-response"}
{"timestamp":"2025-07-13 21:14:29","level":"info","message":"Activities request","service":"kidshiz","environment":"development","filters":{},"pagination":{"page":1,"limit":6},"type":"api-request"}
{"timestamp":"2025-07-13 21:14:29","level":"info","message":"Activities request completed","service":"kidshiz","environment":"development","resultCount":4,"total":4,"page":1,"type":"api-response"}
{"timestamp":"2025-07-13 21:15:25","level":"info","message":"Activities request","service":"kidshiz","environment":"development","filters":{},"pagination":{"page":1,"limit":6},"type":"api-request"}
{"timestamp":"2025-07-13 21:15:25","level":"info","message":"Activities request completed","service":"kidshiz","environment":"development","resultCount":4,"total":4,"page":1,"type":"api-response"}
{"timestamp":"2025-07-13 21:26:01","level":"info","message":"Activities request","service":"kidshiz","environment":"development","filters":{},"pagination":{"page":1,"limit":6},"type":"api-request"}
{"timestamp":"2025-07-13 21:26:01","level":"info","message":"Activities request completed","service":"kidshiz","environment":"development","resultCount":4,"total":4,"page":1,"type":"api-response"}
{"timestamp":"2025-07-13 21:39:25","level":"info","message":"Activities request","service":"kidshiz","environment":"development","filters":{},"pagination":{"page":1,"limit":6},"type":"api-request"}
{"timestamp":"2025-07-13 21:39:25","level":"info","message":"Activities request completed","service":"kidshiz","environment":"development","resultCount":5,"total":5,"page":1,"type":"api-response"}
{"timestamp":"2025-07-13 21:41:36","level":"info","message":"Activities request","service":"kidshiz","environment":"development","filters":{},"pagination":{"page":1,"limit":6},"type":"api-request"}
{"timestamp":"2025-07-13 21:41:36","level":"info","message":"Activities request completed","service":"kidshiz","environment":"development","resultCount":5,"total":5,"page":1,"type":"api-response"}
{"timestamp":"2025-07-13 21:42:57","level":"info","message":"Activities request","service":"kidshiz","environment":"development","filters":{},"pagination":{"page":1,"limit":6},"type":"api-request"}
{"timestamp":"2025-07-13 21:42:57","level":"info","message":"Activities request completed","service":"kidshiz","environment":"development","resultCount":5,"total":5,"page":1,"type":"api-response"}
{"timestamp":"2025-07-13 21:52:46","level":"info","message":"Activities request","service":"kidshiz","environment":"development","filters":{},"pagination":{"page":1,"limit":10},"type":"api-request"}
{"timestamp":"2025-07-13 21:52:46","level":"info","message":"Activities request completed","service":"kidshiz","environment":"development","resultCount":5,"total":5,"page":1,"type":"api-response"}
{"timestamp":"2025-07-13 22:17:11","level":"info","message":"Activities request","service":"kidshiz","environment":"development","filters":{},"pagination":{"page":1,"limit":10},"type":"api-request"}
{"timestamp":"2025-07-13 22:17:11","level":"info","message":"Activities request completed","service":"kidshiz","environment":"development","resultCount":5,"total":5,"page":1,"type":"api-response"}
